<?xml version="1.0" encoding="UTF-8"?>
<!-- Generated by org.testng.reporters.JUnitXMLReporter -->
<testsuite hostname="DESKTOP-QGR1O5T" ignored="0" name="Surefire test" tests="6" failures="0" timestamp="2021-07-12T05:40:28 CDT" time="0.081" errors="0">
  <testcase name="deleteTwitter" time="0.007" classname="qaclickacademy.Mavenjava.APITest"/>
  <testcase name="postJira" time="0.0" classname="qaclickacademy.Mavenjava.APITest"/>
  <testcase name="Android" time="0.001" classname="qaclickacademy.Mavenjava.AppiumTest"/>
  <testcase name="IOS" time="0.001" classname="qaclickacademy.Mavenjava.AppiumTest"/>
  <testcase name="BrowserAutomation" time="0.001" classname="qaclickacademy.Mavenjava.SeleniumTest"/>
  <testcase name="elementUI" time="0.0" classname="qaclickacademy.Mavenjava.SeleniumTest"/>
</testsuite> <!-- Surefire test -->
