<?xml version="1.0" encoding="UTF-8"?>
<testng-results skipped="0" failed="0" ignored="0" total="6" passed="6">
  <reporter-output>
  </reporter-output>
  <suite name="Surefire suite" duration-ms="81" started-at="2021-07-12T05:40:28 CDT" finished-at="2021-07-12T05:40:28 CDT">
    <groups>
    </groups>
    <test name="Surefire test" duration-ms="81" started-at="2021-07-12T05:40:28 CDT" finished-at="2021-07-12T05:40:28 CDT">
      <class name="qaclickacademy.Mavenjava.AppiumTest">
        <test-method status="PASS" signature="Android()[pri:0, instance:qaclickacademy.Mavenjava.AppiumTest@47ef968d]" name="Android" duration-ms="1" started-at="2021-07-12T05:40:28 CDT" finished-at="2021-07-12T05:40:28 CDT">
          <reporter-output>
          </reporter-output>
        </test-method> <!-- Android -->
        <test-method status="PASS" signature="IOS()[pri:0, instance:qaclickacademy.Mavenjava.AppiumTest@47ef968d]" name="IOS" duration-ms="1" started-at="2021-07-12T05:40:28 CDT" finished-at="2021-07-12T05:40:28 CDT">
          <reporter-output>
          </reporter-output>
        </test-method> <!-- IOS -->
      </class> <!-- qaclickacademy.Mavenjava.AppiumTest -->
      <class name="qaclickacademy.Mavenjava.APITest">
        <test-method status="PASS" signature="deleteTwitter()[pri:0, instance:qaclickacademy.Mavenjava.APITest@3a5ed7a6]" name="deleteTwitter" duration-ms="7" started-at="2021-07-12T05:40:28 CDT" finished-at="2021-07-12T05:40:28 CDT">
          <reporter-output>
          </reporter-output>
        </test-method> <!-- deleteTwitter -->
        <test-method status="PASS" signature="postJira()[pri:0, instance:qaclickacademy.Mavenjava.APITest@3a5ed7a6]" name="postJira" duration-ms="0" started-at="2021-07-12T05:40:28 CDT" finished-at="2021-07-12T05:40:28 CDT">
          <reporter-output>
          </reporter-output>
        </test-method> <!-- postJira -->
      </class> <!-- qaclickacademy.Mavenjava.APITest -->
      <class name="qaclickacademy.Mavenjava.SeleniumTest">
        <test-method status="PASS" signature="BrowserAutomation()[pri:0, instance:qaclickacademy.Mavenjava.SeleniumTest@23e028a9]" name="BrowserAutomation" duration-ms="1" started-at="2021-07-12T05:40:28 CDT" finished-at="2021-07-12T05:40:28 CDT">
          <reporter-output>
          </reporter-output>
        </test-method> <!-- BrowserAutomation -->
        <test-method status="PASS" signature="elementUI()[pri:0, instance:qaclickacademy.Mavenjava.SeleniumTest@23e028a9]" name="elementUI" duration-ms="0" started-at="2021-07-12T05:40:28 CDT" finished-at="2021-07-12T05:40:28 CDT">
          <reporter-output>
          </reporter-output>
        </test-method> <!-- elementUI -->
      </class> <!-- qaclickacademy.Mavenjava.SeleniumTest -->
    </test> <!-- Surefire test -->
  </suite> <!-- Surefire suite -->
</testng-results>
