<?xml version="1.0" encoding="UTF-8"?>
<!-- Generated by org.testng.reporters.JUnitXMLReporter -->
<testsuite hostname="DESKTOP-QGR1O5T" ignored="0" name="Test" tests="4" failures="0" timestamp="2021-07-12T05:41:11 CDT" time="0.078" errors="0">
  <testcase name="deleteTwitter" time="0.015" classname="qaclickacademy.Mavenjava.APITest"/>
  <testcase name="postJira" time="0.0" classname="qaclickacademy.Mavenjava.APITest"/>
  <testcase name="Android" time="0.0" classname="qaclickacademy.Mavenjava.AppiumTest"/>
  <testcase name="IOS" time="0.0" classname="qaclickacademy.Mavenjava.AppiumTest"/>
</testsuite> <!-- Test -->
