<?xml version="1.0" encoding="UTF-8"?>
<testng-results skipped="0" failed="0" ignored="0" total="4" passed="4">
  <reporter-output>
  </reporter-output>
  <suite name="Suite" duration-ms="78" started-at="2021-07-12T05:41:11 CDT" finished-at="2021-07-12T05:41:11 CDT">
    <groups>
    </groups>
    <test name="Test" duration-ms="78" started-at="2021-07-12T05:41:11 CDT" finished-at="2021-07-12T05:41:11 CDT">
      <class name="qaclickacademy.Mavenjava.AppiumTest">
        <test-method status="PASS" signature="Android()[pri:0, instance:qaclickacademy.Mavenjava.AppiumTest@23e028a9]" name="Android" duration-ms="0" started-at="2021-07-12T05:41:11 CDT" finished-at="2021-07-12T05:41:11 CDT">
          <reporter-output>
          </reporter-output>
        </test-method> <!-- Android -->
        <test-method status="PASS" signature="IOS()[pri:0, instance:qaclickacademy.Mavenjava.AppiumTest@23e028a9]" name="IOS" duration-ms="0" started-at="2021-07-12T05:41:11 CDT" finished-at="2021-07-12T05:41:11 CDT">
          <reporter-output>
          </reporter-output>
        </test-method> <!-- IOS -->
      </class> <!-- qaclickacademy.Mavenjava.AppiumTest -->
      <class name="qaclickacademy.Mavenjava.APITest">
        <test-method status="PASS" signature="deleteTwitter()[pri:0, instance:qaclickacademy.Mavenjava.APITest@6325a3ee]" name="deleteTwitter" duration-ms="15" started-at="2021-07-12T05:41:11 CDT" finished-at="2021-07-12T05:41:11 CDT">
          <reporter-output>
          </reporter-output>
        </test-method> <!-- deleteTwitter -->
        <test-method status="PASS" signature="postJira()[pri:0, instance:qaclickacademy.Mavenjava.APITest@6325a3ee]" name="postJira" duration-ms="0" started-at="2021-07-12T05:41:11 CDT" finished-at="2021-07-12T05:41:11 CDT">
          <reporter-output>
          </reporter-output>
        </test-method> <!-- postJira -->
      </class> <!-- qaclickacademy.Mavenjava.APITest -->
    </test> <!-- Test -->
  </suite> <!-- Suite -->
</testng-results>
